<?xml version="1.0" encoding="UTF-8"?>
<!-- Generated by org.testng.reporters.JUnitReportReporter -->
<testsuite hostname="DAMAN" failures="0" tests="1" name="com.Assignment17.AutomationFrameworkTest.ChangePhoneNumberTest" time="10.101" errors="0" timestamp="2022-12-28T19:55:45 EST" skipped="0">
  <testcase classname="com.Assignment17.AutomationFrameworkTest.ChangePhoneNumberTest" name="verifyUserIsAbleToChangePhoneNumber" time="10.101"/>
  <system-out/>
</testsuite> <!-- com.Assignment17.AutomationFrameworkTest.ChangePhoneNumberTest -->
