<?xml version="1.0" encoding="UTF-8"?>
<!-- Generated by org.testng.reporters.JUnitReportReporter -->
<testsuite hostname="DAMAN" failures="0" tests="1" name="com.Assignment17.AutomationFrameworkTest.SubscribeUnsubscribeTest" time="9.879" errors="0" timestamp="2022-12-28T19:56:07 EST" skipped="0">
  <testcase classname="com.Assignment17.AutomationFrameworkTest.SubscribeUnsubscribeTest" name="verifyUserIsAbleToSubscribeUnsubscribeNewsLetter" time="9.879"/>
  <system-out/>
</testsuite> <!-- com.Assignment17.AutomationFrameworkTest.SubscribeUnsubscribeTest -->
