<?xml version="1.0" encoding="UTF-8"?>
<!-- Generated by org.testng.reporters.JUnitReportReporter -->
<testsuite hostname="DAMAN" failures="0" tests="1" name="com.Assignment17.AutomationFrameworkTest.ChangePhoneNumberTest" time="10.598" errors="0" timestamp="2022-12-28T14:42:06 EST" skipped="0">
  <testcase classname="com.Assignment17.AutomationFrameworkTest.ChangePhoneNumberTest" name="verifyUserIsAbleToChangePhoneNumber" time="10.598"/>
  <system-out/>
</testsuite> <!-- com.Assignment17.AutomationFrameworkTest.ChangePhoneNumberTest -->
