<?xml version="1.0" encoding="UTF-8"?>
<!-- Generated by org.testng.reporters.JUnitReportReporter -->
<testsuite hostname="DAMAN" failures="0" tests="1" name="com.Assignment17.AutomationFrameworkTest.SubscribeUnsubscribeTest" time="11.115" errors="0" timestamp="2022-12-28T14:42:28 EST" skipped="0">
  <testcase classname="com.Assignment17.AutomationFrameworkTest.SubscribeUnsubscribeTest" name="verifyUserIsAbleToSubscribeUnsubscribeNewsLetter" time="11.115"/>
  <system-out/>
</testsuite> <!-- com.Assignment17.AutomationFrameworkTest.SubscribeUnsubscribeTest -->
