<?xml version="1.0" encoding="UTF-8"?>
<!-- Generated by org.testng.reporters.JUnitReportReporter -->
<testsuite hostname="DAMAN" failures="0" tests="3" name="com.Assignment17.AutomationFrameworkTest.MyAccountTest" time="23.497" errors="0" timestamp="2022-12-28T21:58:50 EST" skipped="0">
  <testcase classname="com.Assignment17.AutomationFrameworkTest.MyAccountTest" name="verifyUserIsAbleToChangePhoneNumberOnceLoggedIn" time="9.545"/>
  <system-out/>
  <testcase classname="com.Assignment17.AutomationFrameworkTest.MyAccountTest" name="verifyUserIsAbleToLoginWithValidUsernamePassword" time="6.390"/>
  <system-out/>
  <testcase classname="com.Assignment17.AutomationFrameworkTest.MyAccountTest" name="verifyUserIsAbleToSubscribeUnsubscribeToNewsLetter" time="7.562"/>
  <system-out/>
</testsuite> <!-- com.Assignment17.AutomationFrameworkTest.MyAccountTest -->
