<?xml version="1.0" encoding="UTF-8"?>
<!-- Generated by org.testng.reporters.JUnitReportReporter -->
<testsuite hostname="DAMAN" failures="0" tests="1" name="com.Assignment17.AutomationFrameworkTest.LoginAccountTest" time="8.319" errors="0" timestamp="2022-12-28T14:41:37 EST" skipped="0">
  <testcase classname="com.Assignment17.AutomationFrameworkTest.LoginAccountTest" name="verifyUserIsAbleToLoginSuccesfully" time="8.319"/>
  <system-out/>
</testsuite> <!-- com.Assignment17.AutomationFrameworkTest.LoginAccountTest -->
