<?xml version="1.0" encoding="UTF-8"?>
<!-- Generated by org.testng.reporters.JUnitReportReporter -->
<testsuite hostname="DAMAN" failures="0" tests="1" name="com.Assignment17.AutomationFrameworkTest.AccountLogoutTest" time="9.899" errors="0" timestamp="2022-12-28T14:42:47 EST" skipped="0">
  <testcase classname="com.Assignment17.AutomationFrameworkTest.AccountLogoutTest" name="verifyUserIsAbleToLogoutSuccesfully" time="9.899"/>
  <system-out/>
</testsuite> <!-- com.Assignment17.AutomationFrameworkTest.AccountLogoutTest -->
